 * Serving Flask app "app" (lazy loading)
 * Environment: production
   WARNING: This is a development server. Do not use it in a production deployment.
   Use a production WSGI server instead.
 * Debug mode: off
Traceback (most recent call last):
  File "app.py", line 78, in <module>
    app.run_server(host = '0.0.0.0', port = 80)
  File "/home/ubuntu/env/lib/python3.6/site-packages/dash/dash.py", line 1829, in run_server
    self.server.run(port=port, debug=debug, **flask_run_options)
  File "/home/ubuntu/env/lib/python3.6/site-packages/flask/app.py", line 990, in run
    run_simple(host, port, self, **options)
  File "/home/ubuntu/env/lib/python3.6/site-packages/werkzeug/serving.py", line 1010, in run_simple
    inner()
  File "/home/ubuntu/env/lib/python3.6/site-packages/werkzeug/serving.py", line 963, in inner
    fd=fd,
  File "/home/ubuntu/env/lib/python3.6/site-packages/werkzeug/serving.py", line 806, in make_server
    host, port, app, request_handler, passthrough_errors, ssl_context, fd=fd
  File "/home/ubuntu/env/lib/python3.6/site-packages/werkzeug/serving.py", line 699, in __init__
    HTTPServer.__init__(self, server_address, handler)
  File "/usr/lib/python3.6/socketserver.py", line 456, in __init__
    self.server_bind()
  File "/usr/lib/python3.6/http/server.py", line 136, in server_bind
    socketserver.TCPServer.server_bind(self)
  File "/usr/lib/python3.6/socketserver.py", line 470, in server_bind
    self.socket.bind(self.server_address)
PermissionError: [Errno 13] Permission denied
